<?xml version="1.0" encoding="UTF-8"?>
<!-- Generated by org.testng.reporters.JUnitReportReporter -->
<testsuite hostname="LAPTOP-DV1MUEIE" failures="0" tests="2" name="testDemo1.Annotations" time="21.668" errors="0" timestamp="2025-08-13T13:30:41 IST" skipped="0">
  <testcase classname="testDemo1.Annotations" name="verifypage" time="18.654"/>
  <testcase classname="testDemo1.Annotations" name="LoginTest" time="3.014"/>
</testsuite> <!-- testDemo1.Annotations -->
