<?xml version="1.0" encoding="UTF-8"?>
<!-- Generated by org.testng.reporters.JUnitReportReporter -->
<testsuite hostname="LAPTOP-DV1MUEIE" failures="0" tests="2" name="testDemo1.Application1" time="6.210" errors="0" timestamp="2025-08-14T09:39:57 IST" skipped="0">
  <testcase classname="testDemo1.Application1" name="RegisterUser" time="3.555"/>
  <testcase classname="testDemo1.Application1" name="LaunchUser" time="2.655"/>
</testsuite> <!-- testDemo1.Application1 -->
